17:26:03.110 [DEBUG] [org.gradle.launcher.daemon.bootstrap.DaemonMain] Assuming the daemon was started with following jvm opts: [-XX:+HeapDumpOnOutOfMemoryError, -Xmx1024m, -Dfile.encoding=UTF-8, -Duser.country, -Duser.language=en, -Duser.variant]
17:26:03.380 [INFO] [org.gradle.launcher.daemon.server.Daemon] start() called on daemon - DefaultDaemonContext[uid=21bfbb8a-2d30-430a-8962-c364a30d1dc3,javaHome=/opt/jdk1.8.0_172,daemonRegistryDir=/app/cache/daemon,pid=31,idleTimeout=10800000,daemonOpts=-XX:+HeapDumpOnOutOfMemoryError,-Xmx1024m,-Dfile.encoding=UTF-8,-Duser.country,-Duser.language=en,-Duser.variant]
17:26:03.422 [DEBUG] [org.gradle.internal.remote.internal.inet.InetAddresses] Adding IP addresses for network interface eth0
17:26:03.436 [DEBUG] [org.gradle.internal.remote.internal.inet.InetAddresses] Is this a loopback interface? false
17:26:03.444 [DEBUG] [org.gradle.internal.remote.internal.inet.InetAddresses] Is this a multicast interface? true
17:26:03.448 [DEBUG] [org.gradle.internal.remote.internal.inet.InetAddresses] Adding remote address /172.20.0.5
17:26:03.450 [DEBUG] [org.gradle.internal.remote.internal.inet.InetAddresses] Adding remote multicast interface eth0
17:26:03.453 [DEBUG] [org.gradle.internal.remote.internal.inet.InetAddresses] Adding IP addresses for network interface lo
17:26:03.456 [DEBUG] [org.gradle.internal.remote.internal.inet.InetAddresses] Is this a loopback interface? true
17:26:03.458 [DEBUG] [org.gradle.internal.remote.internal.inet.InetAddresses] Is this a multicast interface? false
17:26:03.461 [DEBUG] [org.gradle.internal.remote.internal.inet.InetAddresses] Adding loopback address /127.0.0.1
17:26:03.467 [DEBUG] [org.gradle.internal.remote.internal.inet.TcpIncomingConnector] Listening on [242b82d0-4f14-4ee4-9fa4-3c27a19be7ee port:42649, addresses:[/127.0.0.1]].
17:26:03.482 [DEBUG] [org.gradle.launcher.daemon.server.Daemon] Daemon starting at: Wed Jun 13 17:26:03 GMT 2018, with address: [242b82d0-4f14-4ee4-9fa4-3c27a19be7ee port:42649, addresses:[/127.0.0.1]]
17:26:03.484 [INFO] [org.gradle.launcher.daemon.server.DaemonRegistryUpdater] Advertising the daemon address to the clients: [242b82d0-4f14-4ee4-9fa4-3c27a19be7ee port:42649, addresses:[/127.0.0.1]]
17:26:03.487 [DEBUG] [org.gradle.launcher.daemon.server.DaemonRegistryUpdater] Advertised daemon context: DefaultDaemonContext[uid=21bfbb8a-2d30-430a-8962-c364a30d1dc3,javaHome=/opt/jdk1.8.0_172,daemonRegistryDir=/app/cache/daemon,pid=31,idleTimeout=10800000,daemonOpts=-XX:+HeapDumpOnOutOfMemoryError,-Xmx1024m,-Dfile.encoding=UTF-8,-Duser.country,-Duser.language=en,-Duser.variant]
17:26:03.490 [DEBUG] [org.gradle.launcher.daemon.registry.PersistentDaemonRegistry] Storing daemon address: [242b82d0-4f14-4ee4-9fa4-3c27a19be7ee port:42649, addresses:[/127.0.0.1]], context: DefaultDaemonContext[uid=21bfbb8a-2d30-430a-8962-c364a30d1dc3,javaHome=/opt/jdk1.8.0_172,daemonRegistryDir=/app/cache/daemon,pid=31,idleTimeout=10800000,daemonOpts=-XX:+HeapDumpOnOutOfMemoryError,-Xmx1024m,-Dfile.encoding=UTF-8,-Duser.country,-Duser.language=en,-Duser.variant]
17:26:03.521 [DEBUG] [org.gradle.cache.internal.DefaultFileLockManager] Waiting to acquire exclusive lock on daemon addresses registry.
17:26:03.539 [DEBUG] [org.gradle.cache.internal.DefaultFileLockManager] Lock acquired on daemon addresses registry.
17:26:03.570 [DEBUG] [org.gradle.cache.internal.DefaultFileLockManager] Releasing lock on daemon addresses registry.
17:26:03.575 [LIFECYCLE] [org.gradle.launcher.daemon.server.Daemon] Daemon server started.
17:26:03.581 [DEBUG] [org.gradle.launcher.daemon.bootstrap.DaemonStartupCommunication] Completed writing the daemon greeting. Closing streams...
17:26:03.594 [DEBUG] [org.gradle.launcher.daemon.server.Daemon] stopOnExpiration() called on daemon
17:26:03.601 [DEBUG] [org.gradle.launcher.daemon.server.Daemon] awaitExpiration() called on daemon
17:26:03.605 [DEBUG] [org.gradle.launcher.daemon.server.DaemonStateCoordinator] daemon is running. Sleeping until state changes.
17:26:03.616 [DEBUG] [org.gradle.internal.remote.internal.inet.TcpIncomingConnector] Accepted connection from /127.0.0.1:38020 to /127.0.0.1:42649.
17:26:03.901 [DEBUG] [org.gradle.launcher.daemon.server.SynchronizedDispatchConnection] thread 15: received class org.gradle.launcher.daemon.protocol.Build
17:26:03.914 [DEBUG] [org.gradle.launcher.daemon.server.DefaultDaemonConnection] thread 15: Received non-IO message from client: Build{id=faea26e8-3087-474e-a25d-931851e457e1.1, currentDir=/app}
17:26:03.920 [INFO] [org.gradle.launcher.daemon.server.DefaultIncomingConnectionHandler] Received command: Build{id=faea26e8-3087-474e-a25d-931851e457e1.1, currentDir=/app}.
17:26:03.931 [DEBUG] [org.gradle.launcher.daemon.server.DefaultIncomingConnectionHandler] Starting executing command: Build{id=faea26e8-3087-474e-a25d-931851e457e1.1, currentDir=/app} with connection: socket connection from /127.0.0.1:42649 to /127.0.0.1:38020.
17:26:03.937 [ERROR] [org.gradle.launcher.daemon.server.DaemonStateCoordinator] Command execution: started DaemonCommandExecution[command = Build{id=faea26e8-3087-474e-a25d-931851e457e1.1, currentDir=/app}, connection = DefaultDaemonConnection: socket connection from /127.0.0.1:42649 to /127.0.0.1:38020] after 0.0 minutes of idle
17:26:03.940 [INFO] [org.gradle.launcher.daemon.server.DaemonRegistryUpdater] Marking the daemon as busy, address: [242b82d0-4f14-4ee4-9fa4-3c27a19be7ee port:42649, addresses:[/127.0.0.1]]
17:26:03.942 [DEBUG] [org.gradle.launcher.daemon.registry.PersistentDaemonRegistry] Marking busy by address: [242b82d0-4f14-4ee4-9fa4-3c27a19be7ee port:42649, addresses:[/127.0.0.1]]
17:26:03.949 [DEBUG] [org.gradle.cache.internal.DefaultFileLockManager] Waiting to acquire exclusive lock on daemon addresses registry.
17:26:03.955 [DEBUG] [org.gradle.cache.internal.DefaultFileLockManager] Lock acquired on daemon addresses registry.
17:26:03.963 [DEBUG] [org.gradle.cache.internal.DefaultFileLockManager] Releasing lock on daemon addresses registry.
17:26:03.965 [DEBUG] [org.gradle.launcher.daemon.server.DaemonStateCoordinator] resetting idle timer
17:26:03.968 [DEBUG] [org.gradle.launcher.daemon.server.DaemonStateCoordinator] daemon is running. Sleeping until state changes.
17:26:03.969 [INFO] [org.gradle.launcher.daemon.server.exec.StartBuildOrRespondWithBusy] Daemon is about to start building Build{id=faea26e8-3087-474e-a25d-931851e457e1.1, currentDir=/app}. Dispatching build started information...
17:26:03.979 [DEBUG] [org.gradle.launcher.daemon.server.SynchronizedDispatchConnection] thread 17: dispatching class org.gradle.launcher.daemon.protocol.BuildStarted
17:26:04.024 [DEBUG] [org.gradle.launcher.daemon.server.exec.EstablishBuildEnvironment] Configuring env variables: {PATH=/usr/local/sbin:/usr/local/bin:/usr/sbin:/usr/bin:/sbin:/bin:/opt/jdk/bin, JAVA_JCE=unlimited, SPRING_PROFILES_ACTIVE=dev, JAVA_HOME=/opt/jdk, OLDPWD=/app, GLIBC_VERSION=2.27-r0, LANG=C.UTF-8, JAVA_VERSION_MAJOR=8, GRADLE_USER_HOME=cache, HOSTNAME=53b7376b056b, GLIBC_REPO=https://github.com/sgerrand/alpine-pkg-glibc, JAVA_VERSION_MINOR=172, PWD=/app, JAVA_PACKAGE=jdk, JAVA_VERSION_BUILD=11, HOME=/root, SHLVL=1}
17:26:04.046 [DEBUG] [org.gradle.launcher.daemon.server.SynchronizedDispatchConnection] thread 15: received class org.gradle.launcher.daemon.protocol.CloseInput
17:26:04.050 [DEBUG] [org.gradle.launcher.daemon.server.DefaultDaemonConnection] thread 15: Received IO message from client: org.gradle.launcher.daemon.protocol.CloseInput@7c06a16
17:26:04.050 [DEBUG] [org.gradle.launcher.daemon.server.exec.LogToClient] About to start relaying all logs to the client via the connection.
17:26:04.058 [INFO] [org.gradle.launcher.daemon.server.exec.LogToClient] The client will now receive all logging from the daemon (pid: 31). The daemon log file: /app/cache/daemon/4.5.1/daemon-31.out.log
17:26:04.065 [INFO] [org.gradle.launcher.daemon.server.exec.LogAndCheckHealth] Starting build in new daemon [memory: 954.7 MB]
17:26:04.070 [INFO] [org.gradle.launcher.daemon.server.exec.ForwardClientInput] Closing daemon's stdin at end of input.
17:26:04.072 [INFO] [org.gradle.launcher.daemon.server.exec.ForwardClientInput] The daemon will no longer process any standard input.
17:26:04.079 [DEBUG] [org.gradle.launcher.daemon.server.exec.ExecuteBuild] The daemon has started executing the build.
17:26:04.102 [DEBUG] [org.gradle.launcher.daemon.server.exec.ExecuteBuild] Executing build with daemon context: DefaultDaemonContext[uid=21bfbb8a-2d30-430a-8962-c364a30d1dc3,javaHome=/opt/jdk1.8.0_172,daemonRegistryDir=/app/cache/daemon,pid=31,idleTimeout=10800000,daemonOpts=-XX:+HeapDumpOnOutOfMemoryError,-Xmx1024m,-Dfile.encoding=UTF-8,-Duser.country,-Duser.language=en,-Duser.variant]
:compileJava
:processResources UP-TO-DATE
:classes
:bootRun
2018-06-13 17:26:45.641  INFO 76 --- [           main] s.c.a.AnnotationConfigApplicationContext : Refreshing org.springframework.context.annotation.AnnotationConfigApplicationContext@1dde4cb2: startup date [Wed Jun 13 17:26:45 GMT 2018]; root of context hierarchy
2018-06-13 17:26:47.350  INFO 76 --- [           main] f.a.AutowiredAnnotationBeanPostProcessor : JSR-330 'javax.inject.Inject' annotation found and supported for autowiring
2018-06-13 17:26:47.635  INFO 76 --- [           main] trationDelegate$BeanPostProcessorChecker : Bean 'configurationPropertiesRebinderAutoConfiguration' of type [org.springframework.cloud.autoconfigure.ConfigurationPropertiesRebinderAutoConfiguration$$EnhancerBySpringCGLIB$$7c9e4495] is not eligible for getting processed by all BeanPostProcessors (for example: not eligible for auto-proxying)

  .   ____          _            __ _ _
 /\\ / ___'_ __ _ _(_)_ __  __ _ \ \ \ \
( ( )\___ | '_ | '_| | '_ \/ _` | \ \ \ \
 \\/  ___)| |_)| | | | | || (_| |  ) ) ) )
  '  |____| .__|_| |_|_| |_\__, | / / / /
 =========|_|==============|___/=/_/_/_/
[32m :: Spring Boot :: [39m      [2m (v1.5.8.RELEASE)[0;39m

[2m2018-06-13 17:26:49.180[0;39m [32m INFO[0;39m [35m76[0;39m [2m---[0;39m [2m[           main][0;39m [36mcom.example.websocketapi.WebsocketApi   [0;39m [2m:[0;39m The following profiles are active: dev
[2m2018-06-13 17:26:49.298[0;39m [32m INFO[0;39m [35m76[0;39m [2m---[0;39m [2m[           main][0;39m [36mationConfigEmbeddedWebApplicationContext[0;39m [2m:[0;39m Refreshing org.springframework.boot.context.embedded.AnnotationConfigEmbeddedWebApplicationContext@6436a7db: startup date [Wed Jun 13 17:26:49 GMT 2018]; parent: org.springframework.context.annotation.AnnotationConfigApplicationContext@1dde4cb2
[2m2018-06-13 17:26:54.888[0;39m [32m INFO[0;39m [35m76[0;39m [2m---[0;39m [2m[           main][0;39m [36mo.s.cloud.context.scope.GenericScope    [0;39m [2m:[0;39m BeanFactory id=2d6552ad-5b80-3f26-b4f2-71e3482633aa
[2m2018-06-13 17:26:55.240[0;39m [32m INFO[0;39m [35m76[0;39m [2m---[0;39m [2m[           main][0;39m [36mf.a.AutowiredAnnotationBeanPostProcessor[0;39m [2m:[0;39m JSR-330 'javax.inject.Inject' annotation found and supported for autowiring
[2m2018-06-13 17:26:55.956[0;39m [32m INFO[0;39m [35m76[0;39m [2m---[0;39m [2m[           main][0;39m [36mtrationDelegate$BeanPostProcessorChecker[0;39m [2m:[0;39m Bean 'org.springframework.transaction.annotation.ProxyTransactionManagementConfiguration' of type [org.springframework.transaction.annotation.ProxyTransactionManagementConfiguration$$EnhancerBySpringCGLIB$$60844198] is not eligible for getting processed by all BeanPostProcessors (for example: not eligible for auto-proxying)
[2m2018-06-13 17:26:56.041[0;39m [32m INFO[0;39m [35m76[0;39m [2m---[0;39m [2m[           main][0;39m [36mtrationDelegate$BeanPostProcessorChecker[0;39m [2m:[0;39m Bean 'org.springframework.cloud.autoconfigure.ConfigurationPropertiesRebinderAutoConfiguration' of type [org.springframework.cloud.autoconfigure.ConfigurationPropertiesRebinderAutoConfiguration$$EnhancerBySpringCGLIB$$7c9e4495] is not eligible for getting processed by all BeanPostProcessors (for example: not eligible for auto-proxying)
[2m2018-06-13 17:26:57.711[0;39m [32m INFO[0;39m [35m76[0;39m [2m---[0;39m [2m[           main][0;39m [36ms.b.c.e.t.TomcatEmbeddedServletContainer[0;39m [2m:[0;39m Tomcat initialized with port(s): 8081 (http)
[2m2018-06-13 17:26:57.791[0;39m [32m INFO[0;39m [35m76[0;39m [2m---[0;39m [2m[           main][0;39m [36mo.apache.catalina.core.StandardService  [0;39m [2m:[0;39m Starting service [Tomcat]
[2m2018-06-13 17:26:57.798[0;39m [32m INFO[0;39m [35m76[0;39m [2m---[0;39m [2m[           main][0;39m [36morg.apache.catalina.core.StandardEngine [0;39m [2m:[0;39m Starting Servlet Engine: Apache Tomcat/8.5.23
[2m2018-06-13 17:26:59.580[0;39m [32m INFO[0;39m [35m76[0;39m [2m---[0;39m [2m[ost-startStop-1][0;39m [36mo.a.c.c.C.[Tomcat].[localhost].[/]      [0;39m [2m:[0;39m Initializing Spring embedded WebApplicationContext
[2m2018-06-13 17:26:59.582[0;39m [32m INFO[0;39m [35m76[0;39m [2m---[0;39m [2m[ost-startStop-1][0;39m [36mo.s.web.context.ContextLoader           [0;39m [2m:[0;39m Root WebApplicationContext: initialization completed in 10283 ms
[2m2018-06-13 17:27:00.409[0;39m [32m INFO[0;39m [35m76[0;39m [2m---[0;39m [2m[ost-startStop-1][0;39m [36mo.s.b.w.servlet.ServletRegistrationBean [0;39m [2m:[0;39m Mapping servlet: 'dispatcherServlet' to [/]
[2m2018-06-13 17:27:00.436[0;39m [32m INFO[0;39m [35m76[0;39m [2m---[0;39m [2m[ost-startStop-1][0;39m [36mo.s.b.w.servlet.FilterRegistrationBean  [0;39m [2m:[0;39m Mapping filter: 'characterEncodingFilter' to: [/*]
[2m2018-06-13 17:27:00.444[0;39m [32m INFO[0;39m [35m76[0;39m [2m---[0;39m [2m[ost-startStop-1][0;39m [36mo.s.b.w.servlet.FilterRegistrationBean  [0;39m [2m:[0;39m Mapping filter: 'hiddenHttpMethodFilter' to: [/*]
[2m2018-06-13 17:27:00.446[0;39m [32m INFO[0;39m [35m76[0;39m [2m---[0;39m [2m[ost-startStop-1][0;39m [36mo.s.b.w.servlet.FilterRegistrationBean  [0;39m [2m:[0;39m Mapping filter: 'httpPutFormContentFilter' to: [/*]
[2m2018-06-13 17:27:00.447[0;39m [32m INFO[0;39m [35m76[0;39m [2m---[0;39m [2m[ost-startStop-1][0;39m [36mo.s.b.w.servlet.FilterRegistrationBean  [0;39m [2m:[0;39m Mapping filter: 'requestContextFilter' to: [/*]
[2m2018-06-13 17:27:01.624[0;39m [32m INFO[0;39m [35m76[0;39m [2m---[0;39m [2m[           main][0;39m [36mo.f.core.internal.util.VersionPrinter   [0;39m [2m:[0;39m Flyway 3.2.1 by Boxfuse
[2m2018-06-13 17:27:02.437[0;39m [32m INFO[0;39m [35m76[0;39m [2m---[0;39m [2m[           main][0;39m [36mo.f.c.i.dbsupport.DbSupportFactory      [0;39m [2m:[0;39m Database: jdbc:postgresql://postgresdev:5432/pgdev (PostgreSQL 10.4)
[2m2018-06-13 17:27:02.722[0;39m [32m INFO[0;39m [35m76[0;39m [2m---[0;39m [2m[           main][0;39m [36mo.f.core.internal.command.DbValidate    [0;39m [2m:[0;39m Validated 2 migrations (execution time 00:00.108s)
[2m2018-06-13 17:27:02.794[0;39m [32m INFO[0;39m [35m76[0;39m [2m---[0;39m [2m[           main][0;39m [36mo.f.c.i.metadatatable.MetaDataTableImpl [0;39m [2m:[0;39m Creating Metadata table: "public"."schema_version"
[2m2018-06-13 17:27:03.049[0;39m [32m INFO[0;39m [35m76[0;39m [2m---[0;39m [2m[           main][0;39m [36mo.f.core.internal.command.DbMigrate     [0;39m [2m:[0;39m Current version of schema "public": << Empty Schema >>
[2m2018-06-13 17:27:03.050[0;39m [32m INFO[0;39m [35m76[0;39m [2m---[0;39m [2m[           main][0;39m [36mo.f.core.internal.command.DbMigrate     [0;39m [2m:[0;39m Migrating schema "public" to version 1 - create cards table
[2m2018-06-13 17:27:03.122[0;39m [32m INFO[0;39m [35m76[0;39m [2m---[0;39m [2m[           main][0;39m [36mo.f.core.internal.command.DbMigrate     [0;39m [2m:[0;39m Migrating schema "public" to version 2 - create decks table
[2m2018-06-13 17:27:03.164[0;39m [32m INFO[0;39m [35m76[0;39m [2m---[0;39m [2m[           main][0;39m [36mo.f.core.internal.command.DbMigrate     [0;39m [2m:[0;39m Successfully applied 2 migrations to schema "public" (execution time 00:00.376s).
[2m2018-06-13 17:27:03.168[0;39m [32m INFO[0;39m [35m76[0;39m [2m---[0;39m [2m[           main][0;39m [36mo.f.c.i.c.SqlScriptFlywayCallback       [0;39m [2m:[0;39m Executing SQL callback: afterMigrate
[2m2018-06-13 17:27:04.070[0;39m [32m INFO[0;39m [35m76[0;39m [2m---[0;39m [2m[           main][0;39m [36mj.LocalContainerEntityManagerFactoryBean[0;39m [2m:[0;39m Building JPA container EntityManagerFactory for persistence unit 'default'
[2m2018-06-13 17:27:04.169[0;39m [32m INFO[0;39m [35m76[0;39m [2m---[0;39m [2m[           main][0;39m [36mo.hibernate.jpa.internal.util.LogHelper [0;39m [2m:[0;39m HHH000204: Processing PersistenceUnitInfo [
	name: default
	...]
[2m2018-06-13 17:27:04.720[0;39m [32m INFO[0;39m [35m76[0;39m [2m---[0;39m [2m[           main][0;39m [36morg.hibernate.Version                   [0;39m [2m:[0;39m HHH000412: Hibernate Core {5.0.12.Final}
[2m2018-06-13 17:27:04.725[0;39m [32m INFO[0;39m [35m76[0;39m [2m---[0;39m [2m[           main][0;39m [36morg.hibernate.cfg.Environment           [0;39m [2m:[0;39m HHH000206: hibernate.properties not found
[2m2018-06-13 17:27:04.740[0;39m [32m INFO[0;39m [35m76[0;39m [2m---[0;39m [2m[           main][0;39m [36morg.hibernate.cfg.Environment           [0;39m [2m:[0;39m HHH000021: Bytecode provider name : javassist
[2m2018-06-13 17:27:05.546[0;39m [32m INFO[0;39m [35m76[0;39m [2m---[0;39m [2m[           main][0;39m [36mo.hibernate.annotations.common.Version  [0;39m [2m:[0;39m HCANN000001: Hibernate Commons Annotations {5.0.1.Final}
[2m2018-06-13 17:27:06.241[0;39m [32m INFO[0;39m [35m76[0;39m [2m---[0;39m [2m[           main][0;39m [36morg.hibernate.dialect.Dialect           [0;39m [2m:[0;39m HHH000400: Using dialect: org.hibernate.dialect.PostgreSQLDialect
[2m2018-06-13 17:27:06.726[0;39m [32m INFO[0;39m [35m76[0;39m [2m---[0;39m [2m[           main][0;39m [36mo.h.e.j.e.i.LobCreatorBuilderImpl       [0;39m [2m:[0;39m HHH000424: Disabling contextual LOB creation as createClob() method threw error : java.lang.reflect.InvocationTargetException
[2m2018-06-13 17:27:06.751[0;39m [32m INFO[0;39m [35m76[0;39m [2m---[0;39m [2m[           main][0;39m [36morg.hibernate.type.BasicTypeRegistry    [0;39m [2m:[0;39m HHH000270: Type registration [java.util.UUID] overrides previous : org.hibernate.type.UUIDBinaryType@75b38c36
[2m2018-06-13 17:27:08.659[0;39m [32m INFO[0;39m [35m76[0;39m [2m---[0;39m [2m[           main][0;39m [36mj.LocalContainerEntityManagerFactoryBean[0;39m [2m:[0;39m Initialized JPA EntityManagerFactory for persistence unit 'default'
[2m2018-06-13 17:27:10.352[0;39m [33m WARN[0;39m [35m76[0;39m [2m---[0;39m [2m[           main][0;39m [36mc.n.c.sources.URLConfigurationSource    [0;39m [2m:[0;39m No URLs will be polled as dynamic configuration sources.
[2m2018-06-13 17:27:10.352[0;39m [32m INFO[0;39m [35m76[0;39m [2m---[0;39m [2m[           main][0;39m [36mc.n.c.sources.URLConfigurationSource    [0;39m [2m:[0;39m To enable URLs as dynamic configuration sources, define System property archaius.configurationSource.additionalUrls or make config.properties available on classpath.
[2m2018-06-13 17:27:10.402[0;39m [33m WARN[0;39m [35m76[0;39m [2m---[0;39m [2m[           main][0;39m [36mc.n.c.sources.URLConfigurationSource    [0;39m [2m:[0;39m No URLs will be polled as dynamic configuration sources.
[2m2018-06-13 17:27:10.402[0;39m [32m INFO[0;39m [35m76[0;39m [2m---[0;39m [2m[           main][0;39m [36mc.n.c.sources.URLConfigurationSource    [0;39m [2m:[0;39m To enable URLs as dynamic configuration sources, define System property archaius.configurationSource.additionalUrls or make config.properties available on classpath.
[2m2018-06-13 17:27:11.778[0;39m [32m INFO[0;39m [35m76[0;39m [2m---[0;39m [2m[           main][0;39m [36ms.w.s.m.m.a.RequestMappingHandlerAdapter[0;39m [2m:[0;39m Looking for @ControllerAdvice: org.springframework.boot.context.embedded.AnnotationConfigEmbeddedWebApplicationContext@6436a7db: startup date [Wed Jun 13 17:26:49 GMT 2018]; parent: org.springframework.context.annotation.AnnotationConfigApplicationContext@1dde4cb2
[2m2018-06-13 17:27:12.093[0;39m [32m INFO[0;39m [35m76[0;39m [2m---[0;39m [2m[           main][0;39m [36ms.w.s.m.m.a.RequestMappingHandlerMapping[0;39m [2m:[0;39m Mapped "{[/]}" onto public java.lang.String com.example.websocketapi.WebsocketApi.home()
[2m2018-06-13 17:27:12.123[0;39m [32m INFO[0;39m [35m76[0;39m [2m---[0;39m [2m[           main][0;39m [36ms.w.s.m.m.a.RequestMappingHandlerMapping[0;39m [2m:[0;39m Mapped "{[/cards/{cardId}],methods=[DELETE]}" onto public org.springframework.http.HttpStatus com.example.websocketapi.controllers.CardController.deleteCardById(java.lang.Long)
[2m2018-06-13 17:27:12.124[0;39m [32m INFO[0;39m [35m76[0;39m [2m---[0;39m [2m[           main][0;39m [36ms.w.s.m.m.a.RequestMappingHandlerMapping[0;39m [2m:[0;39m Mapped "{[/cards/{cardId}],methods=[PATCH]}" onto public com.example.websocketapi.models.Card com.example.websocketapi.controllers.CardController.updateCardById(java.lang.Long,com.example.websocketapi.models.Card)
[2m2018-06-13 17:27:12.124[0;39m [32m INFO[0;39m [35m76[0;39m [2m---[0;39m [2m[           main][0;39m [36ms.w.s.m.m.a.RequestMappingHandlerMapping[0;39m [2m:[0;39m Mapped "{[/cards],methods=[GET]}" onto public java.lang.Iterable<com.example.websocketapi.models.Card> com.example.websocketapi.controllers.CardController.findAllCards()
[2m2018-06-13 17:27:12.124[0;39m [32m INFO[0;39m [35m76[0;39m [2m---[0;39m [2m[           main][0;39m [36ms.w.s.m.m.a.RequestMappingHandlerMapping[0;39m [2m:[0;39m Mapped "{[/cards],methods=[POST]}" onto public com.example.websocketapi.models.Card com.example.websocketapi.controllers.CardController.createNewCard(com.example.websocketapi.models.Card)
[2m2018-06-13 17:27:12.126[0;39m [32m INFO[0;39m [35m76[0;39m [2m---[0;39m [2m[           main][0;39m [36ms.w.s.m.m.a.RequestMappingHandlerMapping[0;39m [2m:[0;39m Mapped "{[/decks],methods=[POST]}" onto public com.example.websocketapi.models.Deck com.example.websocketapi.controllers.DeckController.createNewDeck(com.example.websocketapi.models.Deck)
[2m2018-06-13 17:27:12.126[0;39m [32m INFO[0;39m [35m76[0;39m [2m---[0;39m [2m[           main][0;39m [36ms.w.s.m.m.a.RequestMappingHandlerMapping[0;39m [2m:[0;39m Mapped "{[/decks],methods=[GET]}" onto public java.lang.Iterable<com.example.websocketapi.models.Deck> com.example.websocketapi.controllers.DeckController.findAllDecks()
[2m2018-06-13 17:27:12.127[0;39m [32m INFO[0;39m [35m76[0;39m [2m---[0;39m [2m[           main][0;39m [36ms.w.s.m.m.a.RequestMappingHandlerMapping[0;39m [2m:[0;39m Mapped "{[/decks/{deckId}],methods=[DELETE]}" onto public org.springframework.http.HttpStatus com.example.websocketapi.controllers.DeckController.deleteDeckById(java.lang.Long)
[2m2018-06-13 17:27:12.127[0;39m [32m INFO[0;39m [35m76[0;39m [2m---[0;39m [2m[           main][0;39m [36ms.w.s.m.m.a.RequestMappingHandlerMapping[0;39m [2m:[0;39m Mapped "{[/decks/deckId],methods=[PATCH]}" onto public com.example.websocketapi.models.Deck com.example.websocketapi.controllers.DeckController.updateDeckById(java.lang.Long,com.example.websocketapi.models.Deck)
[2m2018-06-13 17:27:12.138[0;39m [32m INFO[0;39m [35m76[0;39m [2m---[0;39m [2m[           main][0;39m [36ms.w.s.m.m.a.RequestMappingHandlerMapping[0;39m [2m:[0;39m Mapped "{[/error],produces=[text/html]}" onto public org.springframework.web.servlet.ModelAndView org.springframework.boot.autoconfigure.web.BasicErrorController.errorHtml(javax.servlet.http.HttpServletRequest,javax.servlet.http.HttpServletResponse)
[2m2018-06-13 17:27:12.139[0;39m [32m INFO[0;39m [35m76[0;39m [2m---[0;39m [2m[           main][0;39m [36ms.w.s.m.m.a.RequestMappingHandlerMapping[0;39m [2m:[0;39m Mapped "{[/error]}" onto public org.springframework.http.ResponseEntity<java.util.Map<java.lang.String, java.lang.Object>> org.springframework.boot.autoconfigure.web.BasicErrorController.error(javax.servlet.http.HttpServletRequest)
[2m2018-06-13 17:27:12.391[0;39m [32m INFO[0;39m [35m76[0;39m [2m---[0;39m [2m[           main][0;39m [36mo.s.w.s.handler.SimpleUrlHandlerMapping [0;39m [2m:[0;39m Mapped URL path [/webjars/**] onto handler of type [class org.springframework.web.servlet.resource.ResourceHttpRequestHandler]
[2m2018-06-13 17:27:12.396[0;39m [32m INFO[0;39m [35m76[0;39m [2m---[0;39m [2m[           main][0;39m [36mo.s.w.s.handler.SimpleUrlHandlerMapping [0;39m [2m:[0;39m Mapped URL path [/**] onto handler of type [class org.springframework.web.servlet.resource.ResourceHttpRequestHandler]
[2m2018-06-13 17:27:12.538[0;39m [32m INFO[0;39m [35m76[0;39m [2m---[0;39m [2m[           main][0;39m [36mo.s.w.s.handler.SimpleUrlHandlerMapping [0;39m [2m:[0;39m Mapped URL path [/**/favicon.ico] onto handler of type [class org.springframework.web.servlet.resource.ResourceHttpRequestHandler]
[2m2018-06-13 17:27:14.604[0;39m [33m WARN[0;39m [35m76[0;39m [2m---[0;39m [2m[           main][0;39m [36marterDeprecationWarningAutoConfiguration[0;39m [2m:[0;39m spring-cloud-starter-eureka is deprecated as of Spring Cloud Netflix 1.4.0, please migrate to spring-cloud-starter-netflix-eureka
[2m2018-06-13 17:27:14.666[0;39m [32m INFO[0;39m [35m76[0;39m [2m---[0;39m [2m[           main][0;39m [36mo.s.j.e.a.AnnotationMBeanExporter       [0;39m [2m:[0;39m Registering beans for JMX exposure on startup
[2m2018-06-13 17:27:14.706[0;39m [32m INFO[0;39m [35m76[0;39m [2m---[0;39m [2m[           main][0;39m [36mo.s.j.e.a.AnnotationMBeanExporter       [0;39m [2m:[0;39m Bean with name 'environmentManager' has been autodetected for JMX exposure
[2m2018-06-13 17:27:14.737[0;39m [32m INFO[0;39m [35m76[0;39m [2m---[0;39m [2m[           main][0;39m [36mo.s.j.e.a.AnnotationMBeanExporter       [0;39m [2m:[0;39m Bean with name 'configurationPropertiesRebinder' has been autodetected for JMX exposure
[2m2018-06-13 17:27:14.744[0;39m [32m INFO[0;39m [35m76[0;39m [2m---[0;39m [2m[           main][0;39m [36mo.s.j.e.a.AnnotationMBeanExporter       [0;39m [2m:[0;39m Bean with name 'refreshScope' has been autodetected for JMX exposure
[2m2018-06-13 17:27:14.772[0;39m [32m INFO[0;39m [35m76[0;39m [2m---[0;39m [2m[           main][0;39m [36mo.s.j.e.a.AnnotationMBeanExporter       [0;39m [2m:[0;39m Located managed bean 'environmentManager': registering with JMX server as MBean [org.springframework.cloud.context.environment:name=environmentManager,type=EnvironmentManager]
[2m2018-06-13 17:27:14.844[0;39m [32m INFO[0;39m [35m76[0;39m [2m---[0;39m [2m[           main][0;39m [36mo.s.j.e.a.AnnotationMBeanExporter       [0;39m [2m:[0;39m Located managed bean 'refreshScope': registering with JMX server as MBean [org.springframework.cloud.context.scope.refresh:name=refreshScope,type=RefreshScope]
[2m2018-06-13 17:27:14.890[0;39m [32m INFO[0;39m [35m76[0;39m [2m---[0;39m [2m[           main][0;39m [36mo.s.j.e.a.AnnotationMBeanExporter       [0;39m [2m:[0;39m Located managed bean 'configurationPropertiesRebinder': registering with JMX server as MBean [org.springframework.cloud.context.properties:name=configurationPropertiesRebinder,context=6436a7db,type=ConfigurationPropertiesRebinder]
[2m2018-06-13 17:27:15.160[0;39m [32m INFO[0;39m [35m76[0;39m [2m---[0;39m [2m[           main][0;39m [36mo.s.c.support.DefaultLifecycleProcessor [0;39m [2m:[0;39m Starting beans in phase 0
[2m2018-06-13 17:27:15.221[0;39m [32m INFO[0;39m [35m76[0;39m [2m---[0;39m [2m[           main][0;39m [36mo.s.c.n.eureka.InstanceInfoFactory      [0;39m [2m:[0;39m Setting initial instance status as: STARTING
[2m2018-06-13 17:27:15.475[0;39m [32m INFO[0;39m [35m76[0;39m [2m---[0;39m [2m[           main][0;39m [36mcom.netflix.discovery.DiscoveryClient   [0;39m [2m:[0;39m Initializing Eureka in region us-east-1
[2m2018-06-13 17:27:16.392[0;39m [32m INFO[0;39m [35m76[0;39m [2m---[0;39m [2m[           main][0;39m [36mc.n.d.provider.DiscoveryJerseyProvider  [0;39m [2m:[0;39m Using JSON encoding codec LegacyJacksonJson
[2m2018-06-13 17:27:16.392[0;39m [32m INFO[0;39m [35m76[0;39m [2m---[0;39m [2m[           main][0;39m [36mc.n.d.provider.DiscoveryJerseyProvider  [0;39m [2m:[0;39m Using JSON decoding codec LegacyJacksonJson
[2m2018-06-13 17:27:16.680[0;39m [32m INFO[0;39m [35m76[0;39m [2m---[0;39m [2m[           main][0;39m [36mc.n.d.provider.DiscoveryJerseyProvider  [0;39m [2m:[0;39m Using XML encoding codec XStreamXml
[2m2018-06-13 17:27:16.680[0;39m [32m INFO[0;39m [35m76[0;39m [2m---[0;39m [2m[           main][0;39m [36mc.n.d.provider.DiscoveryJerseyProvider  [0;39m [2m:[0;39m Using XML decoding codec XStreamXml
[2m2018-06-13 17:27:17.209[0;39m [32m INFO[0;39m [35m76[0;39m [2m---[0;39m [2m[           main][0;39m [36mc.n.d.s.r.aws.ConfigClusterResolver     [0;39m [2m:[0;39m Resolving eureka endpoints via configuration
[2m2018-06-13 17:27:17.330[0;39m [32m INFO[0;39m [35m76[0;39m [2m---[0;39m [2m[           main][0;39m [36mcom.netflix.discovery.DiscoveryClient   [0;39m [2m:[0;39m Disable delta property : false
[2m2018-06-13 17:27:17.330[0;39m [32m INFO[0;39m [35m76[0;39m [2m---[0;39m [2m[           main][0;39m [36mcom.netflix.discovery.DiscoveryClient   [0;39m [2m:[0;39m Single vip registry refresh property : null
[2m2018-06-13 17:27:17.330[0;39m [32m INFO[0;39m [35m76[0;39m [2m---[0;39m [2m[           main][0;39m [36mcom.netflix.discovery.DiscoveryClient   [0;39m [2m:[0;39m Force full registry fetch : false
[2m2018-06-13 17:27:17.330[0;39m [32m INFO[0;39m [35m76[0;39m [2m---[0;39m [2m[           main][0;39m [36mcom.netflix.discovery.DiscoveryClient   [0;39m [2m:[0;39m Application is null : false
[2m2018-06-13 17:27:17.331[0;39m [32m INFO[0;39m [35m76[0;39m [2m---[0;39m [2m[           main][0;39m [36mcom.netflix.discovery.DiscoveryClient   [0;39m [2m:[0;39m Registered Applications size is zero : true
[2m2018-06-13 17:27:17.331[0;39m [32m INFO[0;39m [35m76[0;39m [2m---[0;39m [2m[           main][0;39m [36mcom.netflix.discovery.DiscoveryClient   [0;39m [2m:[0;39m Application version is -1: true
[2m2018-06-13 17:27:17.331[0;39m [32m INFO[0;39m [35m76[0;39m [2m---[0;39m [2m[           main][0;39m [36mcom.netflix.discovery.DiscoveryClient   [0;39m [2m:[0;39m Getting all instance registry info from the eureka server
[2m2018-06-13 17:27:17.611[0;39m [32m INFO[0;39m [35m76[0;39m [2m---[0;39m [2m[           main][0;39m [36mcom.netflix.discovery.DiscoveryClient   [0;39m [2m:[0;39m The response status is 200
[2m2018-06-13 17:27:17.613[0;39m [32m INFO[0;39m [35m76[0;39m [2m---[0;39m [2m[           main][0;39m [36mcom.netflix.discovery.DiscoveryClient   [0;39m [2m:[0;39m Starting heartbeat executor: renew interval is: 30
[2m2018-06-13 17:27:17.619[0;39m [32m INFO[0;39m [35m76[0;39m [2m---[0;39m [2m[           main][0;39m [36mc.n.discovery.InstanceInfoReplicator    [0;39m [2m:[0;39m InstanceInfoReplicator onDemand update allowed rate per min is 4
[2m2018-06-13 17:27:17.625[0;39m [32m INFO[0;39m [35m76[0;39m [2m---[0;39m [2m[           main][0;39m [36mcom.netflix.discovery.DiscoveryClient   [0;39m [2m:[0;39m Discovery Client initialized at timestamp 1528910837624 with initial instances count: 0
[2m2018-06-13 17:27:17.632[0;39m [32m INFO[0;39m [35m76[0;39m [2m---[0;39m [2m[           main][0;39m [36mo.s.c.n.e.s.EurekaServiceRegistry       [0;39m [2m:[0;39m Registering application cards with eureka with status UP
[2m2018-06-13 17:27:17.636[0;39m [32m INFO[0;39m [35m76[0;39m [2m---[0;39m [2m[           main][0;39m [36mcom.netflix.discovery.DiscoveryClient   [0;39m [2m:[0;39m Saw local status change event StatusChangeEvent [timestamp=1528910837636, current=UP, previous=STARTING]
[2m2018-06-13 17:27:17.646[0;39m [32m INFO[0;39m [35m76[0;39m [2m---[0;39m [2m[nfoReplicator-0][0;39m [36mcom.netflix.discovery.DiscoveryClient   [0;39m [2m:[0;39m DiscoveryClient_CARDS/53b7376b056b:cards:8081: registering service...
[2m2018-06-13 17:27:17.819[0;39m [32m INFO[0;39m [35m76[0;39m [2m---[0;39m [2m[nfoReplicator-0][0;39m [36mcom.netflix.discovery.DiscoveryClient   [0;39m [2m:[0;39m DiscoveryClient_CARDS/53b7376b056b:cards:8081 - registration status: 204
[2m2018-06-13 17:27:17.846[0;39m [32m INFO[0;39m [35m76[0;39m [2m---[0;39m [2m[           main][0;39m [36ms.b.c.e.t.TomcatEmbeddedServletContainer[0;39m [2m:[0;39m Tomcat started on port(s): 8081 (http)
[2m2018-06-13 17:27:17.848[0;39m [32m INFO[0;39m [35m76[0;39m [2m---[0;39m [2m[           main][0;39m [36m.s.c.n.e.s.EurekaAutoServiceRegistration[0;39m [2m:[0;39m Updating port to 8081
[2m2018-06-13 17:27:17.862[0;39m [32m INFO[0;39m [35m76[0;39m [2m---[0;39m [2m[           main][0;39m [36mcom.example.websocketapi.WebsocketApi   [0;39m [2m:[0;39m Started WebsocketApi in 34.461 seconds (JVM running for 37.574)
[2m2018-06-13 17:27:47.614[0;39m [32m INFO[0;39m [35m76[0;39m [2m---[0;39m [2m[freshExecutor-0][0;39m [36mcom.netflix.discovery.DiscoveryClient   [0;39m [2m:[0;39m Disable delta property : false
[2m2018-06-13 17:27:47.614[0;39m [32m INFO[0;39m [35m76[0;39m [2m---[0;39m [2m[freshExecutor-0][0;39m [36mcom.netflix.discovery.DiscoveryClient   [0;39m [2m:[0;39m Single vip registry refresh property : null
[2m2018-06-13 17:27:47.614[0;39m [32m INFO[0;39m [35m76[0;39m [2m---[0;39m [2m[freshExecutor-0][0;39m [36mcom.netflix.discovery.DiscoveryClient   [0;39m [2m:[0;39m Force full registry fetch : false
[2m2018-06-13 17:27:47.614[0;39m [32m INFO[0;39m [35m76[0;39m [2m---[0;39m [2m[freshExecutor-0][0;39m [36mcom.netflix.discovery.DiscoveryClient   [0;39m [2m:[0;39m Application is null : false
[2m2018-06-13 17:27:47.614[0;39m [32m INFO[0;39m [35m76[0;39m [2m---[0;39m [2m[freshExecutor-0][0;39m [36mcom.netflix.discovery.DiscoveryClient   [0;39m [2m:[0;39m Registered Applications size is zero : true
[2m2018-06-13 17:27:47.614[0;39m [32m INFO[0;39m [35m76[0;39m [2m---[0;39m [2m[freshExecutor-0][0;39m [36mcom.netflix.discovery.DiscoveryClient   [0;39m [2m:[0;39m Application version is -1: false
[2m2018-06-13 17:27:47.614[0;39m [32m INFO[0;39m [35m76[0;39m [2m---[0;39m [2m[freshExecutor-0][0;39m [36mcom.netflix.discovery.DiscoveryClient   [0;39m [2m:[0;39m Getting all instance registry info from the eureka server
[2m2018-06-13 17:27:47.702[0;39m [32m INFO[0;39m [35m76[0;39m [2m---[0;39m [2m[freshExecutor-0][0;39m [36mcom.netflix.discovery.DiscoveryClient   [0;39m [2m:[0;39m The response status is 200
[2m2018-06-13 17:32:17.335[0;39m [32m INFO[0;39m [35m76[0;39m [2m---[0;39m [2m[trap-executor-0][0;39m [36mc.n.d.s.r.aws.ConfigClusterResolver     [0;39m [2m:[0;39m Resolving eureka endpoints via configuration
[2m2018-06-13 17:37:17.336[0;39m [32m INFO[0;39m [35m76[0;39m [2m---[0;39m [2m[trap-executor-0][0;39m [36mc.n.d.s.r.aws.ConfigClusterResolver     [0;39m [2m:[0;39m Resolving eureka endpoints via configuration
[2m2018-06-13 17:40:21.685[0;39m [32m INFO[0;39m [35m76[0;39m [2m---[0;39m [2m[nio-8081-exec-2][0;39m [36mo.a.c.c.C.[Tomcat].[localhost].[/]      [0;39m [2m:[0;39m Initializing Spring FrameworkServlet 'dispatcherServlet'
[2m2018-06-13 17:40:21.686[0;39m [32m INFO[0;39m [35m76[0;39m [2m---[0;39m [2m[nio-8081-exec-2][0;39m [36mo.s.web.servlet.DispatcherServlet       [0;39m [2m:[0;39m FrameworkServlet 'dispatcherServlet': initialization started
[2m2018-06-13 17:40:21.740[0;39m [32m INFO[0;39m [35m76[0;39m [2m---[0;39m [2m[nio-8081-exec-2][0;39m [36mo.s.web.servlet.DispatcherServlet       [0;39m [2m:[0;39m FrameworkServlet 'dispatcherServlet': initialization completed in 54 ms
[2m2018-06-13 17:40:22.039[0;39m [32m INFO[0;39m [35m76[0;39m [2m---[0;39m [2m[nio-8081-exec-1][0;39m [36mo.h.h.i.QueryTranslatorFactoryInitiator [0;39m [2m:[0;39m HHH000397: Using ASTQueryTranslatorFactory
POST TO CARD HIT
POST TO CARD HIT
POST TO CARD HIT
[2m2018-06-13 17:42:17.338[0;39m [32m INFO[0;39m [35m76[0;39m [2m---[0;39m [2m[trap-executor-0][0;39m [36mc.n.d.s.r.aws.ConfigClusterResolver     [0;39m [2m:[0;39m Resolving eureka endpoints via configuration
[2m2018-06-13 17:47:17.341[0;39m [32m INFO[0;39m [35m76[0;39m [2m---[0;39m [2m[trap-executor-0][0;39m [36mc.n.d.s.r.aws.ConfigClusterResolver     [0;39m [2m:[0;39m Resolving eureka endpoints via configuration
